24 45 51 105 
11 16 18 24 45 47 51 57 80 92 97 105 
0 3 4 12 34 35 41 48 50 51 52 57 58 69 87 92 
2 21 26 35 54 55 58 87 100 110 
2 21 22 24 32 35 38 54 58 59 60 62 78 87 93 107 
2 4 7 8 11 12 13 14 16 18 19 21 23 24 35 38 39 41 45 47 48 49 51 54 57 58 59 60 62 65 66 69 75 78 80 82 83 85 87 92 93 99 102 103 104 105 107 113 
1 2 4 12 14 24 28 29 33 39 40 48 51 54 55 59 60 63 69 70 73 75 77 78 84 87 90 96 98 101 105 110 113 114 117 
0 1 2 3 4 12 14 24 29 33 40 48 51 52 54 55 59 60 68 69 78 87 90 98 101 105 110 113 117 118 
11 16 23 24 33 45 47 51 54 55 80 82 92 101 105 117 
11 16 23 24 45 47 51 54 55 80 82 92 101 105 117 
2 7 8 12 16 21 24 26 31 38 44 48 54 55 58 59 61 62 78 85 87 93 95 103 110 116 
2 7 12 24 43 44 48 54 55 58 59 78 87 103 
0 3 14 54 69 86 117 
0 3 14 54 69 86 89 109 117 
2 4 12 21 23 24 26 29 31 35 36 40 41 44 45 48 51 54 55 58 59 60 61 80 87 88 89 98 100 101 116 117 
45 54 55 60 63 89 117 
0 1 3 14 34 45 54 55 60 63 69 79 86 89 109 117 
23 24 44 51 54 55 59 60 77 89 96 117 
2 7 16 21 24 26 44 54 55 59 88 96 101 
2 21 24 26 
2 21 24 26 31 38 58 78 84 87 99 
2 8 12 16 21 24 26 31 36 38 51 54 55 58 59 60 78 84 85 87 96 99 101 103 110 117 
8 12 18 21 30 42 51 78 85 87 99 103 107 
4 12 18 21 25 30 32 37 42 51 69 78 85 87 93 99 103 107 
0 2 3 4 11 12 14 18 21 24 25 26 29 31 35 40 44 45 48 51 52 54 55 58 59 60 68 69 86 87 89 90 93 98 100 101 105 110 113 117 118 
2 12 21 24 26 29 44 45 54 55 59 67 87 88 90 93 101 110 116 
2 24 26 29 54 55 87 96 101 103 110 
0 1 2 4 11 14 24 26 28 29 30 33 36 39 40 42 52 54 55 63 69 70 73 75 77 78 79 81 84 87 96 98 101 103 105 110 113 115 117 
3 4 11 12 13 18 24 30 32 39 42 48 51 52 58 59 69 78 85 87 93 103 105 113 
3 4 8 11 12 13 18 20 21 22 23 24 25 32 37 38 39 41 48 51 52 57 58 59 65 69 78 80 82 85 87 92 93 103 104 105 107 113 
2 8 12 16 18 21 23 24 26 27 31 35 38 51 52 54 55 58 59 60 63 66 77 78 86 87 89 96 98 99 107 110 117 
8 12 18 51 78 87 107 
12 22 78 87 
12 22 38 78 87 93 
3 4 12 18 20 39 41 50 51 69 78 87 93 113 
0 3 24 34 45 51 69 
0 1 3 5 14 23 24 34 45 51 54 55 60 69 74 77 80 86 89 92 117 
3 4 8 12 14 21 25 32 41 42 51 52 54 57 69 78 80 82 85 87 92 93 
3 4 12 41 51 52 69 78 87 93 97 
3 4 12 16 17 18 22 24 34 35 39 41 43 45 48 50 51 52 56 58 59 65 78 87 95 97 102 105 106 107 108 113 
4 18 24 52 58 78 87 105 113 
0 1 2 4 11 14 18 24 26 28 30 33 40 42 52 54 55 58 63 66 69 73 75 77 78 84 85 87 89 96 98 101 103 105 110 113 117 
1 2 4 7 12 16 18 24 26 27 28 29 30 32 35 42 48 51 52 54 55 56 58 59 60 63 64 66 73 75 77 78 84 85 86 87 89 91 95 96 98 100 101 103 105 106 110 113 115 117 
2 7 12 16 21 26 31 32 35 38 48 54 55 58 59 78 84 87 91 93 96 100 106 110 
2 7 12 16 21 31 32 35 38 43 44 48 54 55 58 59 62 78 87 93 106 
0 4 12 14 21 25 34 35 51 52 54 57 58 69 83 87 92 93 
12 21 58 87 93 100 110 
2 12 21 31 32 48 55 58 59 78 87 93 100 106 110 
0 2 3 4 9 11 12 13 14 15 18 20 21 24 25 26 29 31 32 35 37 40 44 45 48 51 52 54 55 58 59 60 69 78 86 87 90 93 100 101 105 107 110 113 118 
0 2 4 11 12 13 14 15 17 18 20 21 23 24 26 29 31 34 35 37 40 41 44 45 48 50 51 54 55 57 58 59 60 69 72 78 80 82 86 87 92 97 100 101 105 107 108 109 113 116 
0 1 2 4 11 12 13 14 15 16 18 20 21 23 24 26 29 31 33 35 36 37 40 41 44 45 47 48 51 54 55 57 58 59 60 61 63 67 68 69 70 77 78 79 80 81 82 86 87 89 96 98 100 101 105 107 112 113 114 116 117 
3 24 41 43 45 48 51 56 58 59 65 78 105 
24 48 51 59 78 105 
0 1 2 12 14 24 33 39 40 48 51 52 54 55 59 60 68 70 73 75 77 78 81 84 87 90 96 98 105 114 117 118 
2 7 10 16 21 24 26 36 38 39 44 45 51 54 55 59 67 71 78 96 99 101 102 114 117 
2 7 10 16 21 24 26 36 38 39 44 51 54 55 59 78 96 99 101 117 
4 8 12 13 18 22 23 24 38 39 48 51 59 78 80 87 93 103 107 113 
4 8 12 24 38 39 48 51 59 78 87 93 103 
2 4 7 12 16 21 24 38 39 43 44 45 48 51 54 59 67 75 78 85 87 93 102 103 
0 3 14 45 54 69 80 81 89 92 
45 54 55 63 89 117 
2 4 7 8 10 12 16 18 21 23 24 26 27 28 29 31 35 36 38 44 45 48 49 51 54 55 58 59 60 61 62 63 66 77 78 85 87 88 89 90 93 96 98 99 100 101 107 110 112 116 117 
0 1 2 3 5 10 14 23 24 31 34 44 45 51 54 55 59 60 61 63 68 69 76 77 79 80 86 88 89 92 96 98 101 109 117 
3 14 23 24 34 45 51 54 59 69 80 92 
4 8 12 18 21 25 41 51 57 69 78 80 82 85 87 93 103 104 107 
78 87 
36 54 73 78 87 96 
2 10 24 26 28 36 52 66 76 78 84 87 89 113 
2 14 24 26 36 52 69 76 78 87 89 113 
1 12 39 48 52 55 59 60 77 78 87 90 98 114 118 
12 39 48 52 59 78 87 
18 24 51 52 56 58 78 87 113 
2 24 51 52 78 87 98 
0 2 12 39 42 48 51 52 59 60 64 78 87 98 105 114 118 
2 12 39 48 51 52 55 59 60 64 75 77 78 87 90 98 
2 4 7 12 13 16 18 21 22 23 24 26 27 28 29 31 32 35 38 39 43 44 45 48 51 52 54 55 56 58 59 60 63 64 66 73 75 77 78 85 86 87 89 90 91 93 95 96 98 99 100 101 102 103 106 107 110 112 113 115 117 
23 24 33 45 51 54 63 81 117 
23 24 51 54 63 117 
2 16 21 23 24 26 31 35 38 51 52 54 58 60 66 78 87 89 98 99 107 110 117 
0 2 4 12 14 24 28 29 39 40 42 52 54 55 60 68 69 75 78 81 87 90 98 101 105 110 113 117 
0 1 2 12 30 39 40 42 52 55 60 68 70 75 77 78 81 87 90 96 98 105 
0 1 2 12 37 39 40 48 51 52 55 59 60 68 70 75 77 78 81 87 90 96 98 105 114 118 
0 1 2 4 7 8 11 12 13 14 15 16 18 21 23 24 25 26 27 28 29 31 32 33 35 36 38 39 40 44 45 46 47 48 49 51 52 53 54 55 57 58 59 60 61 62 63 65 66 69 70 75 76 77 78 79 80 82 85 86 87 89 90 93 94 96 98 99 100 101 102 103 105 107 110 112 113 114 116 117 118 
0 2 4 7 11 12 16 18 21 22 24 27 32 35 39 42 43 45 47 48 49 51 52 56 57 58 59 65 69 75 78 80 87 93 95 102 103 105 106 107 113 
78 87 
14 73 78 87 96 
2 12 21 22 24 26 27 31 32 35 38 54 55 58 59 60 62 78 84 87 93 98 100 110 112 116 
2 12 24 27 58 59 60 78 87 93 98 
2 12 24 43 44 45 59 87 93 
2 24 29 44 45 54 55 59 88 96 101 
1 2 10 14 24 36 51 54 55 60 63 69 76 77 79 89 96 98 101 117 
2 14 24 26 28 30 36 52 54 55 63 66 69 73 78 84 87 89 96 98 101 103 110 111 113 
2 24 26 52 78 84 87 98 110 
24 51 58 107 
18 24 51 57 97 105 
13 16 18 23 24 45 51 54 55 80 101 111 117 
2 4 7 8 12 13 16 18 21 22 23 24 26 27 28 29 31 32 35 36 38 39 43 44 45 46 48 49 51 54 55 56 58 59 60 61 62 63 66 67 73 75 77 78 80 85 86 87 89 90 91 93 95 96 98 99 100 101 102 103 106 107 110 112 113 114 116 117 
2 7 21 26 43 44 54 55 59 62 87 91 93 95 96 110 116 
2 21 26 59 62 87 88 93 110 116 
2 21 26 27 31 35 38 58 60 78 84 87 88 93 98 110 
21 35 58 78 87 93 
21 54 59 78 87 
2 21 24 26 45 54 55 59 78 87 101 
23 24 45 51 54 55 57 59 80 82 92 101 
23 24 44 45 51 54 55 57 59 80 82 92 101 109 
0 2 3 14 23 24 31 34 44 45 51 54 55 59 60 61 68 69 80 82 86 88 92 101 109 
3 51 69 80 82 
21 39 87 
16 24 44 45 54 55 59 88 96 101 
18 24 51 57 80 97 
24 51 107 
2 12 21 23 24 26 31 35 51 52 54 55 58 59 60 78 87 93 98 100 110 
0 3 14 23 24 44 45 51 54 55 59 60 69 80 82 86 92 101 109 
0 14 23 24 33 44 45 51 54 55 59 60 63 69 76 77 79 80 81 82 86 89 96 101 112 117 
4 12 18 22 25 38 51 57 69 78 80 87 103 107 113 
18 51 57 80 97 113 
2 10 11 13 16 18 23 24 33 36 44 45 47 51 54 55 57 59 60 63 70 74 77 79 80 82 88 89 92 96 97 101 105 109 112 113 117 
0 1 2 4 7 11 12 13 14 15 16 18 21 23 24 26 28 29 31 33 35 38 39 40 41 44 45 46 47 48 49 51 54 55 57 58 59 60 61 62 66 67 68 69 70 71 77 78 80 81 82 83 86 87 89 90 92 93 96 98 99 100 101 102 105 107 108 110 112 113 114 117 
0 1 2 3 4 11 12 13 14 15 16 18 20 21 23 24 25 26 29 31 33 34 35 37 38 39 40 41 44 45 47 48 51 52 53 54 55 57 58 59 60 61 62 67 68 69 71 78 80 81 82 83 86 87 89 90 92 93 94 98 99 100 101 105 107 108 110 113 117 118 
0 1 2 3 12 24 37 39 44 45 48 51 52 59 60 71 78 87 90 98 105 117 118 
2 24 51 52 78 87 98 117 
2 35 51 94 
0 2 4 12 14 25 29 34 35 44 45 50 51 53 54 55 60 69 94 100 118 
0 2 3 4 9 11 12 16 17 18 20 24 34 35 37 39 41 42 45 48 50 51 52 57 58 59 65 69 78 87 92 93 97 103 105 107 108 113 
2 58 59 87 93 
2 21 32 58 59 62 87 93 110 116 
3 4 7 11 12 16 18 19 22 24 39 41 43 45 47 48 49 51 52 57 58 59 65 69 78 80 87 93 95 102 103 105 107 113 
3 4 12 18 20 24 39 41 48 50 51 52 57 58 59 69 78 80 87 93 97 103 107 113 
4 8 12 18 21 23 24 25 30 32 42 48 51 52 54 58 59 78 85 87 93 103 107 113 
1 2 4 7 12 13 16 18 24 26 28 29 30 35 36 42 48 51 52 54 55 56 58 59 60 63 64 66 73 75 77 78 79 84 85 87 89 96 98 99 100 101 103 105 106 110 111 113 115 117 